Updating gap info.

Tue Mar 13 14:46:55 PDT 2018
Total number of observations with gaps:          835
Last 10 observations with gaps: 
/home/nustar1/nustarops/fltops/10402001_Crab/10402001006 last touched 
   1.5209776e+09
/home/nustar1/nustarops/fltops/80302302_Swift_J1658d2m4242/80302302006
 last touched    1.5209776e+09
/home/nustar1/nustarops/fltops/60360010_MCGm02m08m039/60360010001 last touched 
   1.5209776e+09
/home/nustar1/nustarops/fltops/80402303_MAXI_J1813m095/80402303004 last touched 
   1.5209776e+09
/home/nustar1/nustarops/fltops/90401306_IGR_J19294p1816/90401306002
 last touched    1.5209776e+09
/home/nustar1/nustarops/fltops/60374007_IRASF19297m0406/60374007001
 last touched    1.5209776e+09
/home/nustar1/nustarops/fltops/80302302_Swift_J1658d2m4242/80302302002
 last touched    1.5209776e+09
/home/nustar1/nustarops/fltops/80301301_Swift_J1658d2m4242/80301301002
 last touched    1.5209776e+09
/home/nustar1/nustarops/fltops/30302012_Her_X1/30302012003 last touched 
   1.5209776e+09
/home/nustar1/nustarops/fltops/30302012_Her_X1/30302012004 last touched 
   1.5209776e+09
/home/nustar1/nustarops/fltops/30301021_Serpens_X1/30301021002 last touched 
   1.5209776e+09
